GowinSynthesis start
Running parser ...
Analyzing Verilog file 'C:\Users\Bryan\Desktop\Gowin-Proyectos\HEROE\heroe\src\CH.v'
Analyzing Verilog file 'C:\Users\Bryan\Desktop\Gowin-Proyectos\HEROE\heroe\src\display.v'
Analyzing Verilog file 'C:\Users\Bryan\Desktop\Gowin-Proyectos\HEROE\heroe\src\fsm.v'
Analyzing Verilog file 'C:\Users\Bryan\Desktop\Gowin-Proyectos\HEROE\heroe\src\generador_obstaculos.v'
Analyzing Verilog file 'C:\Users\Bryan\Desktop\Gowin-Proyectos\HEROE\heroe\src\keypad.v'
Analyzing Verilog file 'C:\Users\Bryan\Desktop\Gowin-Proyectos\HEROE\heroe\src\menu.v'
Analyzing Verilog file 'C:\Users\Bryan\Desktop\Gowin-Proyectos\HEROE\heroe\src\rom_heroe.v'
Analyzing Verilog file 'C:\Users\Bryan\Desktop\Gowin-Proyectos\HEROE\heroe\src\rom_obstaculos.v'
Analyzing Verilog file 'C:\Users\Bryan\Desktop\Gowin-Proyectos\HEROE\heroe\src\top.v'
Compiling module 'top'("C:\Users\Bryan\Desktop\Gowin-Proyectos\HEROE\heroe\src\top.v":1)
Compiling module 'fsm'("C:\Users\Bryan\Desktop\Gowin-Proyectos\HEROE\heroe\src\fsm.v":1)
Compiling module 'keypad'("C:\Users\Bryan\Desktop\Gowin-Proyectos\HEROE\heroe\src\keypad.v":1)
Compiling module 'display'("C:\Users\Bryan\Desktop\Gowin-Proyectos\HEROE\heroe\src\display.v":1)
Compiling module 'menu'("C:\Users\Bryan\Desktop\Gowin-Proyectos\HEROE\heroe\src\menu.v":1)
Compiling module 'rom_heroe'("C:\Users\Bryan\Desktop\Gowin-Proyectos\HEROE\heroe\src\rom_heroe.v":1)
Compiling module 'choose_hero'("C:\Users\Bryan\Desktop\Gowin-Proyectos\HEROE\heroe\src\CH.v":1)
Compiling module 'generador_obstaculos'("C:\Users\Bryan\Desktop\Gowin-Proyectos\HEROE\heroe\src\generador_obstaculos.v":8)
Compiling module 'rom_obstaculos'("C:\Users\Bryan\Desktop\Gowin-Proyectos\HEROE\heroe\src\rom_obstaculos.v":1)
NOTE  (EX0101) : Current top module is "top"
[5%] Running netlist conversion ...
Running device independent optimization ...
[10%] Optimizing Phase 0 completed
[15%] Optimizing Phase 1 completed
[25%] Optimizing Phase 2 completed
Running inference ...
[30%] Inferring Phase 0 completed
[40%] Inferring Phase 1 completed
[50%] Inferring Phase 2 completed
[55%] Inferring Phase 3 completed
Running technical mapping ...
[60%] Tech-Mapping Phase 0 completed
[65%] Tech-Mapping Phase 1 completed
[75%] Tech-Mapping Phase 2 completed
[80%] Tech-Mapping Phase 3 completed
[90%] Tech-Mapping Phase 4 completed
WARN  (NL0002) : The module "rom_heroe" instantiated to "rom_heroe" is swept in optimizing("C:\Users\Bryan\Desktop\Gowin-Proyectos\HEROE\heroe\src\top.v":62)
WARN  (NL0002) : The module "rom_obstaculos" instantiated to "rom_obstaculos" is swept in optimizing("C:\Users\Bryan\Desktop\Gowin-Proyectos\HEROE\heroe\src\top.v":84)
[95%] Generate netlist file "C:\Users\Bryan\Desktop\Gowin-Proyectos\HEROE\heroe\impl\gwsynthesis\heroe.vg" completed
[100%] Generate report file "C:\Users\Bryan\Desktop\Gowin-Proyectos\HEROE\heroe\impl\gwsynthesis\heroe_syn.rpt.html" completed
GowinSynthesis finish
