Reading netlist file: "C:\Users\Bryan\Desktop\Gowin-Proyectos\HEROE\heroe\impl\gwsynthesis\heroe.vg"
Parsing netlist file "C:\Users\Bryan\Desktop\Gowin-Proyectos\HEROE\heroe\impl\gwsynthesis\heroe.vg" completed
Processing netlist completed
Reading constraint file: "C:\Users\Bryan\Desktop\Gowin-Proyectos\HEROE\heroe\src\heroe.cst"
Physical Constraint parsed completed
Running placement......
[10%] Placement Phase 0 completed
[20%] Placement Phase 1 completed
[30%] Placement Phase 2 completed
[50%] Placement Phase 3 completed
Running routing......
[60%] Routing Phase 0 completed
[70%] Routing Phase 1 completed
[80%] Routing Phase 2 completed
[90%] Routing Phase 3 completed
Running timing analysis......
[95%] Timing analysis completed
Placement and routing completed
Bitstream generation in progress......
Bitstream generation completed
Running power analysis......
[100%] Power analysis completed
Generate file "C:\Users\Bryan\Desktop\Gowin-Proyectos\HEROE\heroe\impl\pnr\heroe.power.html" completed
Generate file "C:\Users\Bryan\Desktop\Gowin-Proyectos\HEROE\heroe\impl\pnr\heroe.pin.html" completed
Generate file "C:\Users\Bryan\Desktop\Gowin-Proyectos\HEROE\heroe\impl\pnr\heroe.rpt.html" completed
Generate file "C:\Users\Bryan\Desktop\Gowin-Proyectos\HEROE\heroe\impl\pnr\heroe.rpt.txt" completed
Generate file "C:\Users\Bryan\Desktop\Gowin-Proyectos\HEROE\heroe\impl\pnr\heroe.tr.html" completed
Sun Aug  4 18:43:12 2024

